<?xml version="1.0" encoding="UTF-8"?>
<testng-results skipped="0" failed="0" ignored="0" total="1" passed="1">
  <reporter-output>
    <line>
      <![CDATA[test script execution started]]>
    </line>
    <line>
      <![CDATA[Test execution has been started]]>
    </line>
    <line>
      <![CDATA[Test script  has been executed successfully]]>
    </line>
  </reporter-output>
  <suite name="Default suite" duration-ms="85991" started-at="2022-03-11T11:49:11 IST" finished-at="2022-03-11T11:50:37 IST">
    <groups>
    </groups>
    <test name="Default test" duration-ms="85991" started-at="2022-03-11T11:49:11 IST" finished-at="2022-03-11T11:50:37 IST">
      <class name="testPackage.TestActiTimeInvalidLogin">
        <test-method status="PASS" signature="openBrowser()[pri:0, instance:testPackage.TestActiTimeInvalidLogin@76f2b07d]" name="openBrowser" is-config="true" duration-ms="13431" started-at="2022-03-11T11:49:11 IST" finished-at="2022-03-11T11:49:25 IST">
          <reporter-output>
          </reporter-output>
        </test-method> <!-- openBrowser -->
        <test-method status="PASS" signature="testActiTimeInValidlogin()[pri:0, instance:testPackage.TestActiTimeInvalidLogin@76f2b07d]" name="testActiTimeInValidlogin" duration-ms="70360" started-at="2022-03-11T11:49:25 IST" finished-at="2022-03-11T11:50:35 IST">
          <reporter-output>
            <line>
              <![CDATA[Test execution has been started]]>
            </line>
            <line>
              <![CDATA[Test script  has been executed successfully]]>
            </line>
          </reporter-output>
        </test-method> <!-- testActiTimeInValidlogin -->
        <test-method status="PASS" signature="closeBrowser()[pri:0, instance:testPackage.TestActiTimeInvalidLogin@76f2b07d]" name="closeBrowser" is-config="true" duration-ms="2160" started-at="2022-03-11T11:50:35 IST" finished-at="2022-03-11T11:50:37 IST">
          <reporter-output>
          </reporter-output>
        </test-method> <!-- closeBrowser -->
      </class> <!-- testPackage.TestActiTimeInvalidLogin -->
    </test> <!-- Default test -->
  </suite> <!-- Default suite -->
</testng-results>
